# JRE version: OpenJDK Runtime Environment Temurin-17.0.4+8 (17.0.4+8) (build 17.0.4+8)
# Java VM: OpenJDK 64-Bit Server VM Temurin-17.0.4+8 (17.0.4+8, mixed mode, tiered, compressed oops, compressed class ptrs, parallel gc, windows-amd64)
GC Precious Log:
 CPUs: 8 total, 8 available
 Memory: 16281M
 Large Page Support: Disabled
 NUMA Support: Disabled
 Compressed Oops: Enabled (32-bit)
 Alignments: Space 512K, Generation 512K, Heap 2M
 Heap Min Capacity: 100M
 Heap Initial Capacity: 100M
 Heap Max Capacity: 1G
 Pre-touch: Disabled
 Parallel Workers: 8
Heap:
 PSYoungGen      total 2560K, used 1331K [0x00000000eab00000, 0x00000000eae80000, 0x0000000100000000)
  eden space 2048K, 55% used [0x00000000eab00000,0x00000000eac1cf60,0x00000000ead00000)
  from space 512K, 37% used [0x00000000eae00000,0x00000000eae30000,0x00000000eae80000)
  to   space 512K, 0% used [0x00000000ead00000,0x00000000ead00000,0x00000000ead80000)
 ParOldGen       total 104960K, used 82940K [0x00000000c0000000, 0x00000000c6680000, 0x00000000eab00000)
  object space 104960K, 79% used [0x00000000c0000000,0x00000000c50ff308,0x00000000c6680000)
 Metaspace       used 75211K, committed 76160K, reserved 1122304K
  class space    used 7660K, committed 8064K, reserved 1048576K
GC Heap History (20 events):
Event: 239.984 GC heap before
{Heap before GC invocations=574 (full 16):
 PSYoungGen      total 3584K, used 2800K [0x00000000eab00000, 0x00000000eb100000, 0x0000000100000000)
  eden space 1536K, 80% used [0x00000000eab00000,0x00000000eac36390,0x00000000eac80000)
  from space 2048K, 76% used [0x00000000eae80000,0x00000000eb005da0,0x00000000eb080000)
  to   space 2048K, 0% used [0x00000000eac80000,0x00000000eac80000,0x00000000eae80000)
 ParOldGen       total 105984K, used 97846K [0x00000000c0000000, 0x00000000c6780000, 0x00000000eab00000)
  object space 105984K, 92% used [0x00000000c0000000,0x00000000c5f8d808,0x00000000c6780000)
 Metaspace       used 74846K, committed 75840K, reserved 1122304K
  class space    used 7615K, committed 8064K, reserved 1048576K
}
Event: 239.987 GC heap after
{Heap after GC invocations=574 (full 16):
 PSYoungGen      total 3584K, used 1046K [0x00000000eab00000, 0x00000000eb000000, 0x0000000100000000)
  eden space 1536K, 0% used [0x00000000eab00000,0x00000000eab00000,0x00000000eac80000)
  from space 2048K, 51% used [0x00000000eac80000,0x00000000ead85a00,0x00000000eae80000)
  to   space 1536K, 0% used [0x00000000eae80000,0x00000000eae80000,0x00000000eb000000)
 ParOldGen       total 105984K, used 99286K [0x00000000c0000000, 0x00000000c6780000, 0x00000000eab00000)
  object space 105984K, 93% used [0x00000000c0000000,0x00000000c60f5808,0x00000000c6780000)
 Metaspace       used 74846K, committed 75840K, reserved 1122304K
  class space    used 7615K, committed 8064K, reserved 1048576K
}
Event: 240.001 GC heap before
{Heap before GC invocations=575 (full 16):
 PSYoungGen      total 3584K, used 2582K [0x00000000eab00000, 0x00000000eb000000, 0x0000000100000000)
  eden space 1536K, 99% used [0x00000000eab00000,0x00000000eac7ffc0,0x00000000eac80000)
  from space 2048K, 51% used [0x00000000eac80000,0x00000000ead85a00,0x00000000eae80000)
  to   space 1536K, 0% used [0x00000000eae80000,0x00000000eae80000,0x00000000eb000000)
 ParOldGen       total 105984K, used 99286K [0x00000000c0000000, 0x00000000c6780000, 0x00000000eab00000)
  object space 105984K, 93% used [0x00000000c0000000,0x00000000c60f5808,0x00000000c6780000)
 Metaspace       used 74847K, committed 75840K, reserved 1122304K
  class space    used 7615K, committed 8064K, reserved 1048576K
}
Event: 240.003 GC heap after
{Heap after GC invocations=575 (full 16):
 PSYoungGen      total 2048K, used 1507K [0x00000000eab00000, 0x00000000eb300000, 0x0000000100000000)
  eden space 512K, 0% used [0x00000000eab00000,0x00000000eab00000,0x00000000eab80000)
  from space 1536K, 98% used [0x00000000eae80000,0x00000000eaff8e00,0x00000000eb000000)
  to   space 3072K, 0% used [0x00000000eab80000,0x00000000eab80000,0x00000000eae80000)
 ParOldGen       total 105984K, used 100428K [0x00000000c0000000, 0x00000000c6780000, 0x00000000eab00000)
  object space 105984K, 94% used [0x00000000c0000000,0x00000000c6213208,0x00000000c6780000)
 Metaspace       used 74847K, committed 75840K, reserved 1122304K
  class space    used 7615K, committed 8064K, reserved 1048576K
}
Event: 240.012 GC heap before
{Heap before GC invocations=576 (full 16):
 PSYoungGen      total 2048K, used 2019K [0x00000000eab00000, 0x00000000eb300000, 0x0000000100000000)
  eden space 512K, 99% used [0x00000000eab00000,0x00000000eab7ff58,0x00000000eab80000)
  from space 1536K, 98% used [0x00000000eae80000,0x00000000eaff8e00,0x00000000eb000000)
  to   space 3072K, 0% used [0x00000000eab80000,0x00000000eab80000,0x00000000eae80000)
 ParOldGen       total 105984K, used 100428K [0x00000000c0000000, 0x00000000c6780000, 0x00000000eab00000)
  object space 105984K, 94% used [0x00000000c0000000,0x00000000c6213208,0x00000000c6780000)
 Metaspace       used 74851K, committed 75840K, reserved 1122304K
  class space    used 7615K, committed 8064K, reserved 1048576K
}
Event: 240.015 GC heap after
{Heap after GC invocations=576 (full 16):
 PSYoungGen      total 1024K, used 352K [0x00000000eab00000, 0x00000000eaf00000, 0x0000000100000000)
  eden space 512K, 0% used [0x00000000eab00000,0x00000000eab00000,0x00000000eab80000)
  from space 512K, 68% used [0x00000000eab80000,0x00000000eabd8000,0x00000000eac00000)
  to   space 1536K, 0% used [0x00000000ead80000,0x00000000ead80000,0x00000000eaf00000)
 ParOldGen       total 105984K, used 101593K [0x00000000c0000000, 0x00000000c6780000, 0x00000000eab00000)
  object space 105984K, 95% used [0x00000000c0000000,0x00000000c6336628,0x00000000c6780000)
 Metaspace       used 74851K, committed 75840K, reserved 1122304K
  class space    used 7615K, committed 8064K, reserved 1048576K
}
Event: 240.038 GC heap before
{Heap before GC invocations=577 (full 16):
 PSYoungGen      total 1024K, used 864K [0x00000000eab00000, 0x00000000eaf00000, 0x0000000100000000)
  eden space 512K, 100% used [0x00000000eab00000,0x00000000eab80000,0x00000000eab80000)
  from space 512K, 68% used [0x00000000eab80000,0x00000000eabd8000,0x00000000eac00000)
  to   space 1536K, 0% used [0x00000000ead80000,0x00000000ead80000,0x00000000eaf00000)
 ParOldGen       total 105984K, used 101593K [0x00000000c0000000, 0x00000000c6780000, 0x00000000eab00000)
  object space 105984K, 95% used [0x00000000c0000000,0x00000000c6336628,0x00000000c6780000)
 Metaspace       used 74851K, committed 75840K, reserved 1122304K
  class space    used 7615K, committed 8064K, reserved 1048576K
}
Event: 240.040 GC heap after
{Heap after GC invocations=577 (full 16):
 PSYoungGen      total 2048K, used 568K [0x00000000eab00000, 0x00000000eae80000, 0x0000000100000000)
  eden space 1024K, 0% used [0x00000000eab00000,0x00000000eab00000,0x00000000eac00000)
  from space 1024K, 55% used [0x00000000ead80000,0x00000000eae0e030,0x00000000eae80000)
  to   space 1024K, 0% used [0x00000000eac80000,0x00000000eac80000,0x00000000ead80000)
 ParOldGen       total 105984K, used 101825K [0x00000000c0000000, 0x00000000c6780000, 0x00000000eab00000)
  object space 105984K, 96% used [0x00000000c0000000,0x00000000c6370628,0x00000000c6780000)
 Metaspace       used 74851K, committed 75840K, reserved 1122304K
  class space    used 7615K, committed 8064K, reserved 1048576K
}
Event: 240.043 GC heap before
{Heap before GC invocations=578 (full 16):
 PSYoungGen      total 2048K, used 1592K [0x00000000eab00000, 0x00000000eae80000, 0x0000000100000000)
  eden space 1024K, 100% used [0x00000000eab00000,0x00000000eac00000,0x00000000eac00000)
  from space 1024K, 55% used [0x00000000ead80000,0x00000000eae0e030,0x00000000eae80000)
  to   space 1024K, 0% used [0x00000000eac80000,0x00000000eac80000,0x00000000ead80000)
 ParOldGen       total 105984K, used 101825K [0x00000000c0000000, 0x00000000c6780000, 0x00000000eab00000)
  object space 105984K, 96% used [0x00000000c0000000,0x00000000c6370628,0x00000000c6780000)
 Metaspace       used 74851K, committed 75840K, reserved 1122304K
  class space    used 7615K, committed 8064K, reserved 1048576K
}
Event: 240.045 GC heap after
{Heap after GC invocations=578 (full 16):
 PSYoungGen      total 2560K, used 1024K [0x00000000eab00000, 0x00000000eb080000, 0x0000000100000000)
  eden space 1536K, 0% used [0x00000000eab00000,0x00000000eab00000,0x00000000eac80000)
  from space 1024K, 100% used [0x00000000eac80000,0x00000000ead80000,0x00000000ead80000)
  to   space 2048K, 0% used [0x00000000eae80000,0x00000000eae80000,0x00000000eb080000)
 ParOldGen       total 105984K, used 102321K [0x00000000c0000000, 0x00000000c6780000, 0x00000000eab00000)
  object space 105984K, 96% used [0x00000000c0000000,0x00000000c63ec658,0x00000000c6780000)
 Metaspace       used 74851K, committed 75840K, reserved 1122304K
  class space    used 7615K, committed 8064K, reserved 1048576K
}
Event: 240.049 GC heap before
{Heap before GC invocations=579 (full 16):
 PSYoungGen      total 2560K, used 2560K [0x00000000eab00000, 0x00000000eb080000, 0x0000000100000000)
  eden space 1536K, 100% used [0x00000000eab00000,0x00000000eac80000,0x00000000eac80000)
  from space 1024K, 100% used [0x00000000eac80000,0x00000000ead80000,0x00000000ead80000)
  to   space 2048K, 0% used [0x00000000eae80000,0x00000000eae80000,0x00000000eb080000)
 ParOldGen       total 105984K, used 102321K [0x00000000c0000000, 0x00000000c6780000, 0x00000000eab00000)
  object space 105984K, 96% used [0x00000000c0000000,0x00000000c63ec658,0x00000000c6780000)
 Metaspace       used 74851K, committed 75840K, reserved 1122304K
  class space    used 7615K, committed 8064K, reserved 1048576K
}
Event: 240.052 GC heap after
{Heap after GC invocations=579 (full 16):
 PSYoungGen      total 3584K, used 1696K [0x00000000eab00000, 0x00000000eb100000, 0x0000000100000000)
  eden space 1536K, 0% used [0x00000000eab00000,0x00000000eab00000,0x00000000eac80000)
  from space 2048K, 82% used [0x00000000eae80000,0x00000000eb028000,0x00000000eb080000)
  to   space 2048K, 0% used [0x00000000eac80000,0x00000000eac80000,0x00000000eae80000)
 ParOldGen       total 105984K, used 103313K [0x00000000c0000000, 0x00000000c6780000, 0x00000000eab00000)
  object space 105984K, 97% used [0x00000000c0000000,0x00000000c64e4658,0x00000000c6780000)
 Metaspace       used 74851K, committed 75840K, reserved 1122304K
  class space    used 7615K, committed 8064K, reserved 1048576K
}
Event: 240.277 GC heap before
{Heap before GC invocations=580 (full 16):
 PSYoungGen      total 3584K, used 3232K [0x00000000eab00000, 0x00000000eb100000, 0x0000000100000000)
  eden space 1536K, 100% used [0x00000000eab00000,0x00000000eac80000,0x00000000eac80000)
  from space 2048K, 82% used [0x00000000eae80000,0x00000000eb028000,0x00000000eb080000)
  to   space 2048K, 0% used [0x00000000eac80000,0x00000000eac80000,0x00000000eae80000)
 ParOldGen       total 105984K, used 103313K [0x00000000c0000000, 0x00000000c6780000, 0x00000000eab00000)
  object space 105984K, 97% used [0x00000000c0000000,0x00000000c64e4658,0x00000000c6780000)
 Metaspace       used 74851K, committed 75840K, reserved 1122304K
  class space    used 7615K, committed 8064K, reserved 1048576K
}
Event: 240.278 GC heap after
{Heap after GC invocations=580 (full 16):
 PSYoungGen      total 3584K, used 1040K [0x00000000eab00000, 0x00000000eb000000, 0x0000000100000000)
  eden space 1536K, 0% used [0x00000000eab00000,0x00000000eab00000,0x00000000eac80000)
  from space 2048K, 50% used [0x00000000eac80000,0x00000000ead84000,0x00000000eae80000)
  to   space 1536K, 0% used [0x00000000eae80000,0x00000000eae80000,0x00000000eb000000)
 ParOldGen       total 105984K, used 104825K [0x00000000c0000000, 0x00000000c6780000, 0x00000000eab00000)
  object space 105984K, 98% used [0x00000000c0000000,0x00000000c665e658,0x00000000c6780000)
 Metaspace       used 74851K, committed 75840K, reserved 1122304K
  class space    used 7615K, committed 8064K, reserved 1048576K
}
Event: 240.278 GC heap before
{Heap before GC invocations=581 (full 17):
 PSYoungGen      total 3584K, used 1040K [0x00000000eab00000, 0x00000000eb000000, 0x0000000100000000)
  eden space 1536K, 0% used [0x00000000eab00000,0x00000000eab00000,0x00000000eac80000)
  from space 2048K, 50% used [0x00000000eac80000,0x00000000ead84000,0x00000000eae80000)
  to   space 1536K, 0% used [0x00000000eae80000,0x00000000eae80000,0x00000000eb000000)
 ParOldGen       total 105984K, used 104825K [0x00000000c0000000, 0x00000000c6780000, 0x00000000eab00000)
  object space 105984K, 98% used [0x00000000c0000000,0x00000000c665e658,0x00000000c6780000)
 Metaspace       used 74851K, committed 75840K, reserved 1122304K
  class space    used 7615K, committed 8064K, reserved 1048576K
}
Event: 240.356 GC heap after
{Heap after GC invocations=581 (full 17):
 PSYoungGen      total 3584K, used 0K [0x00000000eab00000, 0x00000000eb000000, 0x0000000100000000)
  eden space 2048K, 0% used [0x00000000eab00000,0x00000000eab00000,0x00000000ead00000)
  from space 1536K, 0% used [0x00000000eae80000,0x00000000eae80000,0x00000000eb000000)
  to   space 1536K, 0% used [0x00000000ead00000,0x00000000ead00000,0x00000000eae80000)
 ParOldGen       total 104960K, used 82572K [0x00000000c0000000, 0x00000000c6680000, 0x00000000eab00000)
  object space 104960K, 78% used [0x00000000c0000000,0x00000000c50a3308,0x00000000c6680000)
 Metaspace       used 74851K, committed 75840K, reserved 1122304K
  class space    used 7615K, committed 8064K, reserved 1048576K
}
Event: 310.405 GC heap before
{Heap before GC invocations=582 (full 17):
 PSYoungGen      total 3584K, used 2047K [0x00000000eab00000, 0x00000000eb000000, 0x0000000100000000)
  eden space 2048K, 99% used [0x00000000eab00000,0x00000000eacffff8,0x00000000ead00000)
  from space 1536K, 0% used [0x00000000eae80000,0x00000000eae80000,0x00000000eb000000)
  to   space 1536K, 0% used [0x00000000ead00000,0x00000000ead00000,0x00000000eae80000)
 ParOldGen       total 104960K, used 82572K [0x00000000c0000000, 0x00000000c6680000, 0x00000000eab00000)
  object space 104960K, 78% used [0x00000000c0000000,0x00000000c50a3308,0x00000000c6680000)
 Metaspace       used 74877K, committed 75840K, reserved 1122304K
  class space    used 7618K, committed 8064K, reserved 1048576K
}
Event: 310.407 GC heap after
{Heap after GC invocations=582 (full 17):
 PSYoungGen      total 2560K, used 480K [0x00000000eab00000, 0x00000000eaf00000, 0x0000000100000000)
  eden space 2048K, 0% used [0x00000000eab00000,0x00000000eab00000,0x00000000ead00000)
  from space 512K, 93% used [0x00000000ead00000,0x00000000ead78000,0x00000000ead80000)
  to   space 1024K, 0% used [0x00000000eae00000,0x00000000eae00000,0x00000000eaf00000)
 ParOldGen       total 104960K, used 82572K [0x00000000c0000000, 0x00000000c6680000, 0x00000000eab00000)
  object space 104960K, 78% used [0x00000000c0000000,0x00000000c50a3308,0x00000000c6680000)
 Metaspace       used 74877K, committed 75840K, reserved 1122304K
  class space    used 7618K, committed 8064K, reserved 1048576K
}
Event: 7953.559 GC heap before
{Heap before GC invocations=583 (full 17):
 PSYoungGen      total 2560K, used 2527K [0x00000000eab00000, 0x00000000eaf00000, 0x0000000100000000)
  eden space 2048K, 99% used [0x00000000eab00000,0x00000000eacffeb8,0x00000000ead00000)
  from space 512K, 93% used [0x00000000ead00000,0x00000000ead78000,0x00000000ead80000)
  to   space 1024K, 0% used [0x00000000eae00000,0x00000000eae00000,0x00000000eaf00000)
 ParOldGen       total 104960K, used 82572K [0x00000000c0000000, 0x00000000c6680000, 0x00000000eab00000)
  object space 104960K, 78% used [0x00000000c0000000,0x00000000c50a3308,0x00000000c6680000)
 Metaspace       used 75095K, committed 76096K, reserved 1122304K
  class space    used 7645K, committed 8064K, reserved 1048576K
}
Event: 7953.562 GC heap after
{Heap after GC invocations=583 (full 17):
 PSYoungGen      total 2560K, used 192K [0x00000000eab00000, 0x00000000eae80000, 0x0000000100000000)
  eden space 2048K, 0% used [0x00000000eab00000,0x00000000eab00000,0x00000000ead00000)
  from space 512K, 37% used [0x00000000eae00000,0x00000000eae30000,0x00000000eae80000)
  to   space 512K, 0% used [0x00000000ead00000,0x00000000ead00000,0x00000000ead80000)
 ParOldGen       total 104960K, used 82940K [0x00000000c0000000, 0x00000000c6680000, 0x00000000eab00000)
  object space 104960K, 79% used [0x00000000c0000000,0x00000000c50ff308,0x00000000c6680000)
 Metaspace       used 75095K, committed 76096K, reserved 1122304K
  class space    used 7645K, committed 8064K, reserved 1048576K
}

